2026-04-07 14:09:28,528 - INFO - [ENVIO] Nueva tarea | TS=1 | Lamport=1
2026-04-07 14:09:28,532 - INFO - [RECIBIDO] Worker 0 | TS recibido=1 | Lamport=2
2026-04-07 14:09:28,532 - INFO - Nuevo worker creado: 0
2026-04-07 14:09:28,534 - INFO - [Worker 0] Ejecutando tarea {'calculo': 'suma', 'parametros': [2, 5], 'adicional': [], 'imagen': 'servicio-tarea:1.0', 'timestamp': 1}
2026-04-07 14:09:33,115 - INFO - [Worker 0] Resultado: {'resultado': 7}
2026-04-07 14:09:33,132 - INFO - [FIN] Worker 0 | Tarea completada | Lamport=3
2026-04-07 14:11:09,074 - INFO - [ENVIO] Nueva tarea | TS=4 | Lamport=4
2026-04-07 14:11:09,076 - INFO - [RECIBIDO] Worker 0 | TS recibido=4 | Lamport=5
2026-04-07 14:11:09,077 - INFO - [Worker 0] Ejecutando tarea {'calculo': 'suma', 'parametros': [5, 5], 'adicional': [], 'imagen': 'servicio-tarea:1.0', 'timestamp': 4}
2026-04-07 14:11:13,519 - INFO - [Worker 0] Resultado: {'resultado': 10}
2026-04-07 14:11:13,533 - INFO - [FIN] Worker 0 | Tarea completada | Lamport=6
2026-04-07 14:12:29,940 - INFO - [ENVIO] Nueva tarea | TS=7 | Lamport=7
2026-04-07 14:12:29,942 - INFO - [RECIBIDO] Worker 0 | TS recibido=7 | Lamport=8
2026-04-07 14:12:29,954 - INFO - [ENVIO] Nueva tarea | TS=9 | Lamport=9
2026-04-07 14:12:29,954 - INFO - [Worker 0] Ejecutando tarea {'calculo': 'suma', 'parametros': [1, 2], 'adicional': [], 'imagen': 'servicio-tarea:1.0', 'timestamp': 7}
2026-04-07 14:12:29,956 - INFO - [RECIBIDO] Worker 1 | TS recibido=9 | Lamport=10
2026-04-07 14:12:29,958 - INFO - Nuevo worker creado: 1
2026-04-07 14:12:29,961 - INFO - [Worker 1] Ejecutando tarea {'calculo': 'suma', 'parametros': [1, 2], 'adicional': [], 'imagen': 'servicio-tarea:1.0', 'timestamp': 9}
2026-04-07 14:12:29,966 - INFO - [ENVIO] Nueva tarea | TS=11 | Lamport=11
2026-04-07 14:12:29,968 - INFO - [RECIBIDO] Worker 2 | TS recibido=11 | Lamport=12
2026-04-07 14:12:29,968 - INFO - Nuevo worker creado: 2
2026-04-07 14:12:29,969 - INFO - [Worker 2] Ejecutando tarea {'calculo': 'suma', 'parametros': [1, 2], 'adicional': [], 'imagen': 'servicio-tarea:1.0', 'timestamp': 11}
2026-04-07 14:12:38,995 - INFO - [Worker 2] Resultado: {'resultado': 3}
2026-04-07 14:12:39,009 - INFO - [FIN] Worker 2 | Tarea completada | Lamport=13
2026-04-07 14:12:39,211 - INFO - [Worker 1] Resultado: {'resultado': 3}
2026-04-07 14:12:39,243 - INFO - [FIN] Worker 1 | Tarea completada | Lamport=14
2026-04-07 14:12:39,644 - INFO - [Worker 0] Resultado: {'resultado': 3}
2026-04-07 14:12:39,710 - INFO - [FIN] Worker 0 | Tarea completada | Lamport=15
