2026-04-03 21:38:01,597 - INFO - Servidor iniciado — Nodo 1
2026-04-03 21:38:01,633 - INFO - [Nodo 1] Bully iniciado.
2026-04-03 21:38:01,635 - INFO - [HIT3] BullyNode iniciado para nodo 1 con peers: [{'id': 2, 'url': 'http://nodo2:8000'}, {'id': 3, 'url': 'http://nodo3:8000'}]
2026-04-03 21:38:03,634 - INFO - [Nodo 1] Iniciando elección...
2026-04-03 21:38:03,676 - INFO - [Nodo 1] Recibió OK de nodo 2
2026-04-03 21:38:03,677 - INFO - [Nodo 1] Recibió OK de nodo 3
2026-04-03 21:38:03,681 - INFO - [Nodo 1] Esperando anuncio de coordinador...
2026-04-03 21:38:03,713 - INFO - [Nodo 1] Nuevo coordinador reconocido: nodo 3
2026-04-03 21:38:03,715 - INFO - [HIT3] COORDINATOR recibido: nodo 3 es el líder
2026-04-03 21:38:03,723 - INFO - [Nodo 1] Nuevo coordinador reconocido: nodo 3
2026-04-03 21:38:03,723 - INFO - [HIT3] COORDINATOR recibido: nodo 3 es el líder
2026-04-03 21:38:03,732 - INFO - [Nodo 1] Nuevo coordinador reconocido: nodo 3
2026-04-03 21:38:03,733 - INFO - [HIT3] COORDINATOR recibido: nodo 3 es el líder
2026-04-03 21:40:22,897 - WARNING - [Nodo 1] Coordinador 3 no responde. Iniciando elección.
2026-04-03 21:40:22,899 - INFO - [Nodo 1] Iniciando elección...
2026-04-03 21:40:22,923 - INFO - [Nodo 1] Recibió OK de nodo 2
2026-04-03 21:40:26,898 - INFO - [Nodo 1] Esperando anuncio de coordinador...
2026-04-03 21:40:26,905 - INFO - [Nodo 1] Nuevo coordinador reconocido: nodo 2
2026-04-03 21:40:26,907 - INFO - [HIT3] COORDINATOR recibido: nodo 2 es el líder
2026-04-06 19:21:24,396 - INFO - Servidor iniciado — Nodo 1
2026-04-06 19:21:24,494 - INFO - [Nodo 1] Bully iniciado.
2026-04-06 19:21:24,497 - INFO - [HIT3] BullyNode iniciado para nodo 1 con peers: [{'id': 2, 'url': 'http://nodo2:8000'}, {'id': 3, 'url': 'http://nodo3:8000'}]
2026-04-06 19:21:26,494 - INFO - [Nodo 1] Iniciando elección...
2026-04-06 19:21:26,548 - INFO - [Nodo 1] Nuevo coordinador reconocido: nodo 3
2026-04-06 19:21:26,552 - INFO - [HIT3] COORDINATOR recibido: nodo 3 es el líder
2026-04-06 19:21:26,556 - INFO - [Nodo 1] Recibió OK de nodo 2
2026-04-06 19:21:26,588 - INFO - [Nodo 1] Nuevo coordinador reconocido: nodo 3
2026-04-06 19:21:26,589 - INFO - [Nodo 1] Recibió OK de nodo 3
2026-04-06 19:21:26,600 - INFO - [HIT3] COORDINATOR recibido: nodo 3 es el líder
2026-04-06 19:21:26,602 - INFO - [Nodo 1] Esperando anuncio de coordinador...
2026-04-06 19:21:26,612 - INFO - [Nodo 1] Nuevo coordinador reconocido: nodo 3
2026-04-06 19:21:26,615 - INFO - [HIT3] COORDINATOR recibido: nodo 3 es el líder
2026-04-06 19:23:15,806 - WARNING - [Nodo 1] Coordinador 3 no responde. Iniciando elección.
2026-04-06 19:23:15,808 - INFO - [Nodo 1] Iniciando elección...
2026-04-06 19:23:15,844 - INFO - [Nodo 1] Recibió OK de nodo 2
2026-04-06 19:23:19,782 - INFO - [Nodo 1] Esperando anuncio de coordinador...
2026-04-06 19:23:19,820 - INFO - [Nodo 1] Nuevo coordinador reconocido: nodo 2
2026-04-06 19:23:19,821 - INFO - [HIT3] COORDINATOR recibido: nodo 2 es el líder
