[2026-03-19 13:05:07] Servidor escuchando en 127.0.0.1:7000
[2026-03-19 13:05:08] Cliente conectado al servidor
.0.1', 57283)
[2026-03-19 13:05:08] Mensaje recibido: {'tipo': 'saludo', 'mensaje': 'hola!!!'}
[2026-03-19 13:05:08] Respuesta enviada: {'tipo': 'respuesta', 'mensaje': 'Hola A (cliente), soy B (servidor)'}
[2026-03-19 13:05:08] test archivo json
[2026-03-19 13:05:08] test json
[2026-03-19 18:58:52] Servidor escuchando en 127.0.0.1:5000
[2026-03-19 18:58:55] Conexión perdida. Reintentando en 3 segundos...
[2026-03-19 18:59:00] Conexión perdida. Reintentando en 3 segundos...
[2026-03-19 18:59:05] Conexión perdida. Reintentando en 3 segundos...
[2026-03-19 18:59:10] Conexión perdida. Reintentando en 3 segundos...
[2026-03-19 18:59:15] Conexión perdida. Reintentando en 3 segundos...
[2026-03-19 18:59:20] Conexión perdida. Reintentando en 3 segundos...
[2026-03-19 18:59:25] Conexión perdida. Reintentando en 3 segundos...
[2026-03-19 18:59:30] Conexión perdida. Reintentando en 3 segundos...
[2026-03-19 18:59:35] Conexión perdida. Reintentando en 3 segundos...
[2026-03-19 18:59:40] Conexión perdida. Reintentando en 3 segundos...
[2026-03-19 18:59:45] Conexión perdida. Reintentando en 3 segundos...
[2026-03-19 18:59:50] Conexión perdida. Reintentando en 3 segundos...
[2026-03-19 18:59:55] Conexión perdida. Reintentando en 3 segundos...
[2026-03-19 19:00:00] Conexión perdida. Reintentando en 3 segundos...
[2026-03-19 19:05:07] Servidor escuchando en 127.0.0.1:7000
[2026-03-19 19:05:08] Cliente conectado desde ('127.0.0.1', 65257)
[2026-03-19 19:05:08] Mensaje enviado: {'tipo': 'saludo', 'mensaje': 'hola!!!'}

[2026-03-19 19:05:08] Respuesta enviada: {'tipo': 'respuesta', 'mensaje': 'Hola A (cliente), soy B (servidor)'}
[2026-03-19 19:05:08] Mensaje recibido: {'tipo': 'respuesta', 'mensaje': 'Hola A (cliente), soy B (servidor)'}
[2026-03-19 19:05:08] test archivo json
[2026-03-19 19:05:08] test json
[2026-03-19 23:25:57] Servidor escuchando en 127.0.0.1:7000
[2026-03-19 23:25:58] Cliente conectado desde ('127.0.0.1', 62514)
[2026-03-19 23:25:58] Mensaje enviado: {'tipo': 'saludo', 'mensaje': 'hola!!!'}
[2026-03-19 23:25:58] Mensaje recibido: {'tipo': 'saludo', 'mensaje': 'hola!!!'}
[2026-03-19 23:25:58] Mensaje recibido: {'tipo': 'respuesta', 'mensaje': 'Hola A (cliente), soy B (servidor)'}
[2026-03-19 23:25:58] Respuesta enviada: {'tipo': 'respuesta', 'mensaje': 'Hola A (cliente), soy B (servidor)'}
[2026-03-19 23:25:58] test archivo json
[2026-03-19 23:25:58] test json
[2026-03-19 23:54:25] test json
[2026-03-19 23:54:25] test archivo json
[2026-03-19 23:54:25] Servidor escuchando en 127.0.0.1:7000
[2026-03-19 23:54:26] Cliente conectado al servidor
[2026-03-19 23:54:26] Cliente conectado desde ('127.0.0.1', 64774)
[2026-03-19 23:54:26] Mensaje enviado: {'tipo': 'saludo', 'mensaje': 'hola!!!'}
[2026-03-19 23:54:26] Mensaje recibido: {'tipo': 'saludo', 'mensaje': 'hola!!!'}
[2026-03-19 23:54:26] Mensaje recibido: {'tipo': 'respuesta', 'mensaje': 'Hola A (cliente), soy B (servidor)'}
[2026-03-19 23:54:26] Respuesta enviada: {'tipo': 'respuesta', 'mensaje': 'Hola A (cliente), soy B (servidor)'}
